# JRE version: 7.0_21-b11
# Java VM: Java HotSpot(TM) 64-Bit Server VM (23.21-b01 mixed mode windows-amd64 compressed oops)
Heap
 PSYoungGen      total 76032K, used 73225K [0x00000007ab200000, 0x00000007b4680000, 0x0000000800000000)
  eden space 65216K, 95% used [0x00000007ab200000,0x00000007aeef7ae0,0x00000007af1b0000)
  from space 10816K, 99% used [0x00000007af1b0000,0x00000007afc3a930,0x00000007afc40000)
  to   space 10816K, 0% used [0x00000007b3bf0000,0x00000007b3bf0000,0x00000007b4680000)
 ParOldGen       total 173824K, used 1285K [0x0000000701600000, 0x000000070bfc0000, 0x00000007ab200000)
  object space 173824K, 0% used [0x0000000701600000,0x00000007017415e0,0x000000070bfc0000)
 PSPermGen       total 35072K, used 35068K [0x00000006fc400000, 0x00000006fe640000, 0x0000000701600000)
  object space 35072K, 99% used [0x00000006fc400000,0x00000006fe63f338,0x00000006fe640000)
GC Heap History (6 events):
Event: 2.493 GC heap before
{Heap before GC invocations=1 (full 0):
 PSYoungGen      total 76032K, used 65216K [0x00000007ab200000, 0x00000007b06d0000, 0x0000000800000000)
  eden space 65216K, 100% used [0x00000007ab200000,0x00000007af1b0000,0x00000007af1b0000)
  from space 10816K, 0% used [0x00000007afc40000,0x00000007afc40000,0x00000007b06d0000)
  to   space 10816K, 0% used [0x00000007af1b0000,0x00000007af1b0000,0x00000007afc40000)
 ParOldGen       total 173824K, used 0K [0x0000000701600000, 0x000000070bfc0000, 0x00000007ab200000)
  object space 173824K, 0% used [0x0000000701600000,0x0000000701600000,0x000000070bfc0000)
 PSPermGen       total 21248K, used 16513K [0x00000006fc400000, 0x00000006fd8c0000, 0x0000000701600000)
  object space 21248K, 77% used [0x00000006fc400000,0x00000006fd420748,0x00000006fd8c0000)
Event: 2.501 GC heap after
Heap after GC invocations=1 (full 0):
 PSYoungGen      total 76032K, used 9761K [0x00000007ab200000, 0x00000007b06d0000, 0x0000000800000000)
  eden space 65216K, 0% used [0x00000007ab200000,0x00000007ab200000,0x00000007af1b0000)
  from space 10816K, 90% used [0x00000007af1b0000,0x00000007afb38508,0x00000007afc40000)
  to   space 10816K, 0% used [0x00000007afc40000,0x00000007afc40000,0x00000007b06d0000)
 ParOldGen       total 173824K, used 72K [0x0000000701600000, 0x000000070bfc0000, 0x00000007ab200000)
  object space 173824K, 0% used [0x0000000701600000,0x0000000701612010,0x000000070bfc0000)
 PSPermGen       total 21248K, used 16513K [0x00000006fc400000, 0x00000006fd8c0000, 0x0000000701600000)
  object space 21248K, 77% used [0x00000006fc400000,0x00000006fd420748,0x00000006fd8c0000)
}
Event: 2.953 GC heap before
{Heap before GC invocations=2 (full 0):
 PSYoungGen      total 76032K, used 74977K [0x00000007ab200000, 0x00000007b06d0000, 0x0000000800000000)
  eden space 65216K, 100% used [0x00000007ab200000,0x00000007af1b0000,0x00000007af1b0000)
  from space 10816K, 90% used [0x00000007af1b0000,0x00000007afb38508,0x00000007afc40000)
  to   space 10816K, 0% used [0x00000007afc40000,0x00000007afc40000,0x00000007b06d0000)
 ParOldGen       total 173824K, used 72K [0x0000000701600000, 0x000000070bfc0000, 0x00000007ab200000)
  object space 173824K, 0% used [0x0000000701600000,0x0000000701612010,0x000000070bfc0000)
 PSPermGen       total 22208K, used 22037K [0x00000006fc400000, 0x00000006fd9b0000, 0x0000000701600000)
  object space 22208K, 99% used [0x00000006fc400000,0x00000006fd9856c0,0x00000006fd9b0000)
Event: 2.961 GC heap after
Heap after GC invocations=2 (full 0):
 PSYoungGen      total 76032K, used 8248K [0x00000007ab200000, 0x00000007b4680000, 0x0000000800000000)
  eden space 65216K, 0% used [0x00000007ab200000,0x00000007ab200000,0x00000007af1b0000)
  from space 10816K, 76% used [0x00000007afc40000,0x00000007b044e320,0x00000007b06d0000)
  to   space 10816K, 0% used [0x00000007af1b0000,0x00000007af1b0000,0x00000007afc40000)
 ParOldGen       total 173824K, used 80K [0x0000000701600000, 0x000000070bfc0000, 0x00000007ab200000)
  object space 173824K, 0% used [0x0000000701600000,0x0000000701614010,0x000000070bfc0000)
 PSPermGen       total 22208K, used 22037K [0x00000006fc400000, 0x00000006fd9b0000, 0x0000000701600000)
  object space 22208K, 99% used [0x00000006fc400000,0x00000006fd9856c0,0x00000006fd9b0000)
}
Event: 3.752 GC heap before
{Heap before GC invocations=3 (full 0):
 PSYoungGen      total 76032K, used 73464K [0x00000007ab200000, 0x00000007b4680000, 0x0000000800000000)
  eden space 65216K, 100% used [0x00000007ab200000,0x00000007af1b0000,0x00000007af1b0000)
  from space 10816K, 76% used [0x00000007afc40000,0x00000007b044e320,0x00000007b06d0000)
  to   space 10816K, 0% used [0x00000007af1b0000,0x00000007af1b0000,0x00000007afc40000)
 ParOldGen       total 173824K, used 80K [0x0000000701600000, 0x000000070bfc0000, 0x00000007ab200000)
  object space 173824K, 0% used [0x0000000701600000,0x0000000701614010,0x000000070bfc0000)
 PSPermGen       total 30656K, used 30615K [0x00000006fc400000, 0x00000006fe1f0000, 0x0000000701600000)
  object space 30656K, 99% used [0x00000006fc400000,0x00000006fe1e5c08,0x00000006fe1f0000)
Event: 3.762 GC heap after
Heap after GC invocations=3 (full 0):
 PSYoungGen      total 76032K, used 10794K [0x00000007ab200000, 0x00000007b4680000, 0x0000000800000000)
  eden space 65216K, 0% used [0x00000007ab200000,0x00000007ab200000,0x00000007af1b0000)
  from space 10816K, 99% used [0x00000007af1b0000,0x00000007afc3a930,0x00000007afc40000)
  to   space 10816K, 0% used [0x00000007b3bf0000,0x00000007b3bf0000,0x00000007b4680000)
 ParOldGen       total 173824K, used 1285K [0x0000000701600000, 0x000000070bfc0000, 0x00000007ab200000)
  object space 173824K, 0% used [0x0000000701600000,0x00000007017415e0,0x000000070bfc0000)
 PSPermGen       total 30656K, used 30615K [0x00000006fc400000, 0x00000006fe1f0000, 0x0000000701600000)
  object space 30656K, 99% used [0x00000006fc400000,0x00000006fe1e5c08,0x00000006fe1f0000)
}

